0 info it worked if it ends with ok
1 verbose cli [ 'node', '/usr/local/bin/npm', 'start' ]
2 info using npm@1.1.37
3 info using node@v0.6.20
4 verbose config file /Users/mattwooddc/.npmrc
5 verbose config file /usr/local/etc/npmrc
6 verbose config file /usr/local/lib/node_modules/npm/npmrc
7 verbose read json /Users/mattwooddc/Sites/HACKATHON/dev/mannequin/package.json
8 warn package.json mannequin@0.0.1-3 No README.md file found!
9 verbose run-script [ 'prestart', 'start', 'poststart' ]
10 info prestart mannequin@0.0.1-3
11 info start mannequin@0.0.1-3
12 verbose unsafe-perm in lifecycle true
13 silly exec sh "-c" "node app.js"
14 silly sh,-c,node app.js,/Users/mattwooddc/Sites/HACKATHON/dev/mannequin spawning
15 info mannequin@0.0.1-3 Failed to exec start script
16 error mannequin@0.0.1-3 start: `node app.js`
16 error `sh "-c" "node app.js"` failed with 1
17 error Failed at the mannequin@0.0.1-3 start script.
17 error This is most likely a problem with the mannequin package,
17 error not with npm itself.
17 error Tell the author that this fails on your system:
17 error     node app.js
17 error You can get their info via:
17 error     npm owner ls mannequin
17 error There is likely additional logging output above.
18 error System Darwin 12.2.0
19 error command "node" "/usr/local/bin/npm" "start"
20 error cwd /Users/mattwooddc/Sites/HACKATHON/dev/mannequin
21 error node -v v0.6.20
22 error npm -v 1.1.37
23 error code ELIFECYCLE
24 error message mannequin@0.0.1-3 start: `node app.js`
24 error message `sh "-c" "node app.js"` failed with 1
25 verbose exit [ 1, true ]
